2025-07-31 14:33:21,558 - INFO - 🔵 🔁 === Начало выполнения пайплайна === 🔁 🔵
2025-07-31 14:33:21,558 - INFO - ⚙️  [1] ЗАГРУЗКА И ПРЕДВАРИТЕЛЬНАЯ ОБРАБОТКА: старт - из main
2025-07-31 14:33:21,558 - INFO - 🔄 [1] ЗАГРУЗКА ДАННЫХ: начата
2025-07-31 14:33:21,952 - INFO - 📊 [LOAD] Используется формат 2 (новый формат): c:\Users\Андрей\Documents\Курсы\AI_ML_разработчик\Стажировка_2\Ноутбуки\Пайплайн\src\..\data\format2_reviews.xlsx
2025-07-31 14:33:23,042 - INFO - ✅ [1] ЗАГРУЗКА ДАННЫХ: успешно загружено 11669 строк
2025-07-31 14:33:25,457 - INFO - 📌 [1] Результат сохранён в: c:\Users\Андрей\Documents\Курсы\AI_ML_разработчик\Стажировка_2\Ноутбуки\Пайплайн\src\..\processed\step_1_final_2025-07-31_14-33-13.xlsx
2025-07-31 14:33:25,458 - INFO - ✅ [1] Успешно обработано 11669 строк
2025-07-31 14:33:25,458 - INFO - ✅ [1] ЗАГРУЗКА И ПРЕДВАРИТЕЛЬНАЯ ОБРАБОТКА: успешно выполнен
2025-07-31 14:33:25,458 - INFO - 🏷️  [2] НАЧАЛЬНАЯ КЛАССИФИКАЦИЯ: старт
2025-07-31 14:33:25,509 - INFO - 📌 [2] Начальная классификация завершена: 3549 отзывов с классом 999
2025-07-31 14:33:25,510 - INFO - ✅ [2] НАЧАЛЬНАЯ КЛАССИФИКАЦИЯ: успешно выполнен
2025-07-31 14:33:25,510 - INFO - 🔍  [3] ПРОВЕРКА НА [100]: старт
2025-07-31 14:33:25,779 - INFO - 📊 [3] Найдено 1519 пустых отзывов. Проставлен класс [100]
2025-07-31 14:33:25,779 - INFO - 🌐 [3] Найдено 4 отзывов на иностранном языке. Проставлен класс [100]
2025-07-31 14:33:25,779 - INFO - ✂️  [3] Найдено 1 очень коротких отзывов. Проставлен класс [100]
2025-07-31 14:33:28,223 - INFO - 📌 [3] Результат сохранён в: c:\Users\Андрей\Documents\Курсы\AI_ML_разработчик\Стажировка_2\Ноутбуки\Пайплайн\src\..\processed\step_3_marked_2025-07-31_14-33-13.xlsx
2025-07-31 14:33:28,226 - INFO - 
📊 [3] Статистика по всем классам после classifier_100:

2025-07-31 14:33:28,228 - INFO - Класс  Количество  Процент
  [0]        6596    56.53
[999]        3549    30.41
[100]        1524    13.06
Всего       11669   100.00
2025-07-31 14:33:28,230 - INFO - ✅ [3] ПРОВЕРКА НА [100]: успешно выполнен
2025-07-31 14:33:28,230 - INFO - 🔍  [4] КЛАССИФИКАТОР [200]: старт
2025-07-31 14:33:28,230 - INFO - 🔍 [4] КЛАССИФИКАТОР [200]: старт – поиск ссылок и ключевых фраз
2025-07-31 14:33:29,198 - INFO - 📌 [4] Найдено 0 отзывов с ссылками или ключевыми фразами. Проставлен класс [200]
2025-07-31 14:33:29,200 - INFO - ✅ [4] КЛАССИФИКАТОР [200] — Поиск ссылок на сайты и соцсети: успешно выполнен
2025-07-31 14:33:29,200 - INFO - 🗂️  [5] ПОИСК ДУБЛИКАТОВ: старт
2025-07-31 14:33:31,176 - INFO - ✅ [5] Найдено 9 дубликатов. Проставлен класс [300]
2025-07-31 14:33:33,617 - INFO - 📌 [5] Результат сохранён в: c:\Users\Андрей\Documents\Курсы\AI_ML_разработчик\Стажировка_2\Ноутбуки\Пайплайн\src\..\processed\step_5_duplicates_2025-07-31_14-33-13.xlsx
2025-07-31 14:33:33,641 - INFO - 📁 [5] Детали дубликатов сохранены в: c:\Users\Андрей\Documents\Курсы\AI_ML_разработчик\Стажировка_2\Ноутбуки\Пайплайн\src\..\processed\step_5_duplicates_details_2025-07-31_14-33-13.xlsx
2025-07-31 14:33:33,645 - INFO - 
📊 [5] Статистика по всем классам после classifier_300:

2025-07-31 14:33:33,645 - INFO - Класс  Количество  Процент
  [0]        6587    56.45
[999]        3549    30.41
[100]        1524    13.06
[300]           9     0.08
Всего       11669   100.00
2025-07-31 14:33:33,647 - INFO - ✅ [5] ПОИСК ДУБЛИКАТОВ → [300] СПАМ: успешно выполнен
2025-07-31 14:33:33,648 - INFO - 🔑  [6] ПОИСК ПО КЛЮЧЕВЫМ СЛОВАМ [500]: старт
2025-07-31 14:33:33,662 - INFO - ✅ Загружено 5288 ключевых слов нецензурной лексики
2025-07-31 14:44:29,452 - INFO - 📌 [6] Найдено 43 отзывов с ключевыми словами. Проставлен класс [500]
2025-07-31 14:44:32,487 - INFO - 📌 [6] Результат сохранён в: c:\Users\Андрей\Documents\Курсы\AI_ML_разработчик\Стажировка_2\Ноутбуки\Пайплайн\src\..\processed\step_6_keywords_2025-07-31_14-33-13.xlsx
2025-07-31 14:44:32,536 - INFO - 📁 [6] Детали найденных отзывов сохранены в: c:\Users\Андрей\Documents\Курсы\AI_ML_разработчик\Стажировка_2\Ноутбуки\Пайплайн\src\..\processed\step_6_keywords_details_2025-07-31_14-33-13.xlsx
2025-07-31 14:44:32,539 - INFO - 
📊 [6] Статистика по всем классам после classifier_500:

2025-07-31 14:44:32,542 - INFO -      Класс  Количество  Процент
       [0]        6545    56.09
     [999]        3549    30.41
     [100]        1524    13.06
     [500]          42     0.36
     [300]           8     0.07
[300, 500]           1     0.01
     Всего       11669   100.00
2025-07-31 14:44:32,544 - INFO - ✅ [6] ПОИСК ПО КЛЮЧЕВЫМ СЛОВАМ → [500] НЕЦЕНЦУРНАЯ ЛЕКСИКА: успешно выполнен
2025-07-31 14:44:32,544 - INFO - 🧹  [7] ОЧИСТКА ТЕКСТА: старт
2025-07-31 14:44:32,545 - INFO - 🧹 [7] ОЧИСТКА ТЕКСТА: старт
2025-07-31 14:44:32,660 - INFO - ✅ [7] ОЧИСТКА ТЕКСТА: завершено
2025-07-31 14:44:32,660 - INFO - ✅ [7] ОЧИСТКА ТЕКСТА: успешно выполнен
2025-07-31 14:44:32,660 - INFO - 🔍  [8] КЛАССИФИКАТОР [201]: старт
2025-07-31 14:44:32,661 - INFO - 🔍 [8] КЛАССИФИКАТОР [201]: старт – поиск признаков б/у товаров
2025-07-31 14:44:32,668 - INFO - ✅ Загружено и скомпилировано 61 ключевых фраз для класса 201
2025-07-31 14:44:33,617 - INFO - 📌 [8] Найдено 140 отзывов с признаками б/у товаров. Проставлен класс [201]
2025-07-31 14:44:36,242 - INFO - 📌 [8] Результат сохранён в: c:\Users\Андрей\Documents\Курсы\AI_ML_разработчик\Стажировка_2\Ноутбуки\Пайплайн\src\..\processed\step_8_used_items_2025-07-31_14-33-13.xlsx
2025-07-31 14:44:36,361 - INFO - 📁 [8] Детали найденных отзывов сохранены в: c:\Users\Андрей\Documents\Курсы\AI_ML_разработчик\Стажировка_2\Ноутбуки\Пайплайн\src\..\processed\step_8_used_items_details_2025-07-31_14-33-13.xlsx
2025-07-31 14:44:36,365 - INFO - 
📊 [8] Статистика по всем классам после classifier_201:

2025-07-31 14:44:36,367 - INFO -      Класс  Количество  Процент
       [0]        6406    54.90
     [999]        3549    30.41
     [100]        1524    13.06
     [201]         139     1.19
     [500]          41     0.35
     [300]           8     0.07
[500, 201]           1     0.01
[300, 500]           1     0.01
     Всего       11669   100.00
2025-07-31 14:44:36,369 - INFO - ✅ [8] ПОИСК ПО КЛЮЧЕВЫМ СЛОВАМ [201] - Б/У: успешно выполнен
2025-07-31 14:44:36,369 - INFO - 🔍  [9] КЛАССИФИКАТОР [202]: старт
2025-07-31 14:53:26,197 - INFO - ✅ [9] Найдено 32 положительных или нейтральных отзывов (гибридный метод). Проставлен класс [202]
2025-07-31 14:53:33,615 - INFO - 📌 [9] Результат сохранён в: c:\Users\Андрей\Documents\Курсы\AI_ML_разработчик\Стажировка_2\Ноутбуки\Пайплайн\src\..\processed\step_9_positive_reviews_2025-07-31_14-33-13.xlsx
2025-07-31 14:53:33,668 - INFO - 📁 [9] Детали положительных отзывов сохранены в: c:\Users\Андрей\Documents\Курсы\AI_ML_разработчик\Стажировка_2\Ноутбуки\Пайплайн\src\..\processed\step_9_positive_reviews_details_2025-07-31_14-33-13.xlsx
2025-07-31 14:53:33,681 - INFO - 
📊 [9] Статистика по всем классам после classifier_202:

2025-07-31 14:53:33,687 - INFO -      Класс  Количество  Процент
       [0]        6375    54.63
     [999]        3549    30.41
     [100]        1524    13.06
     [201]         138     1.18
     [500]          41     0.35
     [202]          31     0.27
     [300]           8     0.07
[201, 202]           1     0.01
[500, 201]           1     0.01
[300, 500]           1     0.01
     Всего       11669   100.00
2025-07-31 14:53:33,691 - INFO - ✅ [9] ПОИСК ПОЛОЖИТЕЛЬНЫХ ОТЗЫВОВ С НЕГАТИВНОЙ ОЦЕНКОЙ→ [202]: успешно выполнен
2025-07-31 14:53:33,692 - INFO - 🧠  [10] КЛАССИФИКАТОР [700]: старт
2025-07-31 14:53:33,693 - INFO - 🧠 [10] КЛАССИФИКАТОР [700]: старт
2025-07-31 14:53:33,696 - INFO - [10] Найдена переменная 'KEY_WORDS_700' в модуле.
2025-07-31 14:53:33,697 - INFO - 📌 [10] Загружено 643 ключевых фраз политического контекста
2025-07-31 14:53:35,967 - INFO - [10] Найден контекст на строке 135. Ключевая фраза: фраза: 'диверсант', найдено: 'диверсанты', в отзыве: 'диверсанты'.
2025-07-31 14:55:07,722 - INFO - [10] Найден контекст на строке 7466. Ключевая фраза: фраза: 'санкции', найдено: 'санкций', в отзыве: 'санкций'.
2025-07-31 14:55:09,363 - INFO - [10] Найден контекст на строке 7566. Ключевая фраза: фраза: 'трамп', найдено: 'трамп', в отзыве: 'трамп'.
2025-07-31 14:55:26,976 - INFO - [10] Найден контекст на строке 8681. Ключевая фраза: фраза: 'санкции', найдено: 'санкции', в отзыве: 'санкции'.
2025-07-31 14:55:32,208 - INFO - [10] Найден контекст на строке 9612. Ключевая фраза: фраза: 'вне закона', найдено: 'вне закона', в отзыве: 'вне закона'; фраза: 'вне закона', найдено: 'вне закона', в отзыве: 'вне закона'.
2025-07-31 14:55:41,037 - INFO - [10] Найден контекст на строке 10879. Ключевая фраза: фраза: 'санкции', найдено: 'санкций', в отзыве: 'санкций'.
2025-07-31 14:55:46,966 - INFO - [10] Обработано строк: 6596, с найденным политическим контекстом: 6.
2025-07-31 14:55:49,676 - INFO - 📌 [10] Результат сохранён в: c:\Users\Андрей\Documents\Курсы\AI_ML_разработчик\Стажировка_2\Ноутбуки\Пайплайн\src\..\processed\step_10_classifier_700_2025-07-31_14-33-13.xlsx
2025-07-31 14:55:49,707 - INFO - 📁 [10] Подробности по найденным отзывам сохранены в: c:\Users\Андрей\Documents\Курсы\AI_ML_разработчик\Стажировка_2\Ноутбуки\Пайплайн\src\..\processed\step_10_classifier_700_details_2025-07-31_14-33-13.xlsx
2025-07-31 14:55:49,707 - INFO - ✅ [10] Найдено 6 отзывов с политическим контекстом
2025-07-31 14:55:49,707 - INFO - ✅ [10] КЛАССИФИКАТОР [700]: успешно выполнен
2025-07-31 14:55:49,709 - INFO - ✅ [10] ПОИСК ПОЛИТ. КОНТЕНТА ПО КЛЮЧЕВЫМ ФРАЗАМ [700]: успешно выполнен
2025-07-31 14:55:49,709 - INFO - 🧠  [11] КЛАССИФИКАТОР [701]: старт
2025-07-31 14:55:49,709 - INFO - 🧠 [11] КЛАССИФИКАТОР [701]: старт (порог=0.9)
2025-07-31 14:56:19,303 - INFO - 📌 [11] Результат сохранён в: c:\Users\Андрей\Documents\Курсы\AI_ML_разработчик\Стажировка_2\Ноутбуки\Пайплайн\src\..\processed\step_11_classifier_701_2025-07-31_14-33-13.xlsx
2025-07-31 14:56:19,308 - INFO - 
📝 [11] Статистика классов после классификатора 701:
     Класс  Количество  Процент
       [0]        6348    54.40
     [999]        3549    30.41
     [100]        1524    13.06
     [201]         138     1.18
     [500]          40     0.34
     [202]          31     0.27
     [701]          21     0.18
     [300]           8     0.07
     [700]           5     0.04
[201, 202]           1     0.01
[500, 201]           1     0.01
[500, 701]           1     0.01
[300, 500]           1     0.01
[700, 701]           1     0.01
     Всего       11669   100.00
2025-07-31 14:56:19,308 - INFO - ✅ [11] КЛАССИФИКАТОР [701]: успешно выполнен
2025-07-31 14:56:19,312 - INFO - ✅ [11] ПОИСК ПОЛИТ. КОНТЕНТА МОДЕЛЬЮ [701]: успешно выполнен
2025-07-31 14:56:19,313 - INFO - 🏷️  [12] Итоговый классификатор RESULT: старт
2025-07-31 14:56:22,511 - INFO - 📌 [12]: Итоговые результаты сохранены в файл c:\Users\Андрей\Documents\Курсы\AI_ML_разработчик\Стажировка_2\Ноутбуки\Пайплайн\src\..\processed\step_12_result_classification_2025-07-31_14-33-13.xlsx
2025-07-31 14:56:22,605 - INFO - 📌 [12]: Итоговая таблица классификации с промежуточными итогами сохранена в DOCX-файл c:\Users\Андрей\Documents\Курсы\AI_ML_разработчик\Стажировка_2\Ноутбуки\Пайплайн\src\..\processed\step_12_result_classification_summary_2025-07-31_14-33-13.docx
2025-07-31 14:56:22,606 - INFO - 🔢 [12] Итоговая статистика по классам:
2025-07-31 14:56:22,607 - INFO - Класс 1: 7872 отзывов, доля 0.67, коды: 0, 100
2025-07-31 14:56:22,607 - INFO - Класс 2: 170 отзывов, доля 0.01, коды: 201, 202
2025-07-31 14:56:22,607 - INFO - Класс 3: 8 отзывов, доля 0.00, коды: 300
2025-07-31 14:56:22,607 - INFO - Класс 5: 43 отзывов, доля 0.00, коды: 201, 300, 500, 701
2025-07-31 14:56:22,608 - INFO - Класс 7: 27 отзывов, доля 0.00, коды: 700, 701
2025-07-31 14:56:22,608 - INFO - Класс 999: 3549 отзывов, доля 0.30, коды: 999
2025-07-31 14:56:22,608 - INFO - 🔢 [12] Детализация по итоговым классам и исходным кодам:
2025-07-31 14:56:22,608 - INFO - Итоговый класс 1, Класс [0]: 6348 отзывов, доля 54.40%
2025-07-31 14:56:22,609 - INFO - Итоговый класс 1, Класс [100]: 1524 отзывов, доля 13.06%
2025-07-31 14:56:22,610 - INFO - Итоговый класс 2, Класс [201]: 138 отзывов, доля 1.18%
2025-07-31 14:56:22,610 - INFO - Итоговый класс 2, Класс [201, 202]: 1 отзывов, доля 0.01%
2025-07-31 14:56:22,610 - INFO - Итоговый класс 2, Класс [202]: 31 отзывов, доля 0.27%
2025-07-31 14:56:22,610 - INFO - Итоговый класс 3, Класс [300]: 8 отзывов, доля 0.07%
2025-07-31 14:56:22,611 - INFO - Итоговый класс 5, Класс [201, 500]: 1 отзывов, доля 0.01%
2025-07-31 14:56:22,611 - INFO - Итоговый класс 5, Класс [300, 500]: 1 отзывов, доля 0.01%
2025-07-31 14:56:22,611 - INFO - Итоговый класс 5, Класс [500]: 40 отзывов, доля 0.34%
2025-07-31 14:56:22,611 - INFO - Итоговый класс 5, Класс [500, 701]: 1 отзывов, доля 0.01%
2025-07-31 14:56:22,612 - INFO - Итоговый класс 7, Класс [700]: 5 отзывов, доля 0.04%
2025-07-31 14:56:22,612 - INFO - Итоговый класс 7, Класс [700, 701]: 1 отзывов, доля 0.01%
2025-07-31 14:56:22,612 - INFO - Итоговый класс 7, Класс [701]: 21 отзывов, доля 0.18%
2025-07-31 14:56:22,612 - INFO - Итоговый класс 999, Класс [999]: 3549 отзывов, доля 30.41%
2025-07-31 14:56:22,615 - INFO - ✅ [12] ИТОГОВАЯ КЛАССИФИКАЦИЯ — КЛАССИФИКАТОР RESULT: успешно выполнен
2025-07-31 14:56:22,615 - INFO - 🟢 🎉 === Пайплайн успешно завершён === 🎉 🟢
