2025-08-10 12:40:48,821 - INFO - 🔵 🔁 === Начало выполнения пайплайна === 🔁 🔵
2025-08-10 12:40:48,822 - INFO - ⚙️  [1] ЗАГРУЗКА И ПРЕДВАРИТЕЛЬНАЯ ОБРАБОТКА: старт - из main
2025-08-10 12:40:48,822 - INFO - 🔄 [1] ЗАГРУЗКА ДАННЫХ: начата
2025-08-10 12:40:48,972 - INFO - 📊 [LOAD] Используется формат 3 (третий формат): c:\Users\Андрей\Documents\Курсы\AI_ML_разработчик\Стажировка_2\Ноутбуки\Пайплайн_final\src\..\data\format3_reviews.xlsx
2025-08-10 12:40:51,457 - INFO - 🧹 [LOAD] Удалено дубликатов по колонкам ['Покупатель', 'Дата создания', 'Текст отзыва']: 19152
2025-08-10 12:40:51,457 - INFO - ✅ [LOAD] Файл загружен с форматом 3, строк: 7920
2025-08-10 12:40:55,410 - INFO - 📌 [1] Результат сохранён в: c:\Users\Андрей\Documents\Курсы\AI_ML_разработчик\Стажировка_2\Ноутбуки\Пайплайн_final\src\..\processed\step_1_final_2025-08-10_12-40-40.xlsx
2025-08-10 12:40:55,412 - INFO - ✅ [1] Успешно обработано 7920 строк
2025-08-10 12:40:55,414 - INFO - ✅ [1] ЗАГРУЗКА И ПРЕДВАРИТЕЛЬНАЯ ОБРАБОТКА: успешно выполнен
2025-08-10 12:40:55,414 - INFO - 🏷️  [2] НАЧАЛЬНАЯ КЛАССИФИКАЦИЯ: старт
2025-08-10 12:40:55,597 - INFO - 📌 [2] Начальная классификация завершена: 7263 отзывов с классом 999
2025-08-10 12:40:55,599 - INFO - ✅ [2] НАЧАЛЬНАЯ КЛАССИФИКАЦИЯ: успешно выполнен
2025-08-10 12:40:55,599 - INFO - 🔍  [3] ПРОВЕРКА НА [100]: старт
2025-08-10 12:40:55,682 - INFO - 📊 [3] Найдено 9 пустых отзывов. Проставлен класс [100]
2025-08-10 12:40:55,683 - INFO - 🌐 [3] Найдено 1 отзывов на иностранном языке. Проставлен класс [100]
2025-08-10 12:40:55,684 - INFO - ✂️  [3] Найдено 0 очень коротких отзывов. Проставлен класс [100]
2025-08-10 12:41:02,200 - INFO - 📌 [3] Результат сохранён в: c:\Users\Андрей\Documents\Курсы\AI_ML_разработчик\Стажировка_2\Ноутбуки\Пайплайн_final\src\..\processed\step_3_marked_2025-08-10_12-40-40.xlsx
2025-08-10 12:41:02,203 - INFO - 
📊 [3] Статистика по всем классам после classifier_100:

2025-08-10 12:41:02,205 - INFO - Класс  Количество  Процент
[999]        7263    91.70
  [0]         647     8.17
[100]          10     0.13
Всего        7920   100.00
2025-08-10 12:41:02,205 - INFO - ✅ [3] ПРОВЕРКА НА [100]: успешно выполнен
2025-08-10 12:41:02,208 - INFO - 🔍  [4] КЛАССИФИКАТОР [200]: старт
2025-08-10 12:41:02,208 - INFO - 🔍 [4] КЛАССИФИКАТОР [200]: старт – поиск ссылок и ключевых фраз
2025-08-10 12:41:02,558 - INFO - 📌 [4] Найдено 0 отзывов с ссылками или ключевыми фразами. Проставлен класс [200]
2025-08-10 12:41:02,559 - INFO - ✅ [4] КЛАССИФИКАТОР [200] — Поиск ссылок на сайты и соцсети: успешно выполнен
2025-08-10 12:41:02,560 - INFO - 🗂️  [5] ПОИСК ДУБЛИКАТОВ: старт
2025-08-10 12:41:08,397 - INFO - ✅ [5] Найдено 0 дубликатов. Проставлен класс [300]
2025-08-10 12:41:08,400 - INFO - ✅ [5] ПОИСК ДУБЛИКАТОВ → [300] СПАМ: успешно выполнен
2025-08-10 12:41:08,401 - INFO - 🔑  [6] ПОИСК ПО КЛЮЧЕВЫМ СЛОВАМ [500]: старт
2025-08-10 12:41:08,410 - INFO - ✅ Загружено 5280 ключевых слов нецензурной лексики
2025-08-10 12:44:14,887 - INFO - 📌 [6] Найдено 1 отзывов с ключевыми словами. Проставлен класс [500]
2025-08-10 12:44:16,926 - INFO - 📌 [6] Результат сохранён в: c:\Users\Андрей\Documents\Курсы\AI_ML_разработчик\Стажировка_2\Ноутбуки\Пайплайн_final\src\..\processed\step_6_keywords_2025-08-10_12-40-40.xlsx
2025-08-10 12:44:16,940 - INFO - 📁 [6] Детали найденных отзывов сохранены в: c:\Users\Андрей\Documents\Курсы\AI_ML_разработчик\Стажировка_2\Ноутбуки\Пайплайн_final\src\..\processed\step_6_keywords_details_2025-08-10_12-40-40.xlsx
2025-08-10 12:44:16,943 - INFO - 
📊 [6] Статистика по всем классам после classifier_500:

2025-08-10 12:44:16,944 - INFO - Класс  Количество  Процент
[999]        7263    91.70
  [0]         646     8.16
[100]          10     0.13
[500]           1     0.01
Всего        7920   100.00
2025-08-10 12:44:16,946 - INFO - ✅ [6] ПОИСК ПО КЛЮЧЕВЫМ СЛОВАМ → [500] НЕЦЕНЦУРНАЯ ЛЕКСИКА: успешно выполнен
2025-08-10 12:44:16,946 - INFO - 🧹  [7] ОЧИСТКА ТЕКСТА: старт
2025-08-10 12:44:16,946 - INFO - 🧹 [7] ОЧИСТКА ТЕКСТА: старт
2025-08-10 12:44:17,020 - INFO - ✅ [7] ОЧИСТКА ТЕКСТА: завершено
2025-08-10 12:44:17,020 - INFO - ✅ [7] ОЧИСТКА ТЕКСТА: успешно выполнен
2025-08-10 12:44:17,020 - INFO - 🔍  [8] КЛАССИФИКАТОР [201]: старт
2025-08-10 12:44:17,021 - INFO - 🔍 [8] КЛАССИФИКАТОР [201]: старт – поиск признаков б/у товаров
2025-08-10 12:44:17,025 - INFO - ✅ Загружено и скомпилировано 61 ключевых фраз для класса 201
2025-08-10 12:44:17,112 - INFO - 📌 [8] Найдено 19 отзывов с признаками б/у товаров. Проставлен класс [201]
2025-08-10 12:44:19,114 - INFO - 📌 [8] Результат сохранён в: c:\Users\Андрей\Documents\Курсы\AI_ML_разработчик\Стажировка_2\Ноутбуки\Пайплайн_final\src\..\processed\step_8_used_items_2025-08-10_12-40-40.xlsx
2025-08-10 12:44:19,150 - INFO - 📁 [8] Детали найденных отзывов сохранены в: c:\Users\Андрей\Documents\Курсы\AI_ML_разработчик\Стажировка_2\Ноутбуки\Пайплайн_final\src\..\processed\step_8_used_items_details_2025-08-10_12-40-40.xlsx
2025-08-10 12:44:19,153 - INFO - 
📊 [8] Статистика по всем классам после classifier_201:

2025-08-10 12:44:19,154 - INFO - Класс  Количество  Процент
[999]        7263    91.70
  [0]         627     7.92
[201]          19     0.24
[100]          10     0.13
[500]           1     0.01
Всего        7920   100.00
2025-08-10 12:44:19,155 - INFO - ✅ [8] ПОИСК ПО КЛЮЧЕВЫМ СЛОВАМ [201] - Б/У: успешно выполнен
2025-08-10 12:44:19,156 - INFO - 🔍  [9] КЛАССИФИКАТОР [202]: старт
2025-08-10 12:44:55,537 - INFO - ✅ [9] Найдено 9 положительных или нейтральных отзывов (гибридный метод). Проставлен класс [202]
2025-08-10 12:44:57,727 - INFO - 📌 [9] Результат сохранён в: c:\Users\Андрей\Documents\Курсы\AI_ML_разработчик\Стажировка_2\Ноутбуки\Пайплайн_final\src\..\processed\step_9_positive_reviews_2025-08-10_12-40-40.xlsx
2025-08-10 12:44:57,756 - INFO - 📁 [9] Детали положительных отзывов сохранены в: c:\Users\Андрей\Documents\Курсы\AI_ML_разработчик\Стажировка_2\Ноутбуки\Пайплайн_final\src\..\processed\step_9_positive_reviews_details_2025-08-10_12-40-40.xlsx
2025-08-10 12:44:57,759 - INFO - 
📊 [9] Статистика по всем классам после classifier_202:

2025-08-10 12:44:57,762 - INFO - Класс  Количество  Процент
[999]        7263    91.70
  [0]         618     7.80
[201]          19     0.24
[100]          10     0.13
[202]           9     0.11
[500]           1     0.01
Всего        7920   100.00
2025-08-10 12:44:57,762 - INFO - ✅ [9] ПОИСК ПОЛОЖИТЕЛЬНЫХ ОТЗЫВОВ С НЕГАТИВНОЙ ОЦЕНКОЙ→ [202]: успешно выполнен
2025-08-10 12:44:57,762 - INFO - 🧠  [10] КЛАССИФИКАТОР [700]: старт
2025-08-10 12:44:57,762 - INFO - 🧠 [10] КЛАССИФИКАТОР [700]: старт
2025-08-10 12:44:57,763 - INFO - [10] Найдена переменная 'KEY_WORDS_700' в модуле.
2025-08-10 12:44:57,763 - INFO - 📌 [10] Загружено 643 ключевых фраз политического контекста
2025-08-10 12:44:59,247 - INFO - [10] Найден контекст на строке 2830. Ключевая фраза: фраза: 'указ президента', найдено: 'указ президента', в отзыве: 'указ президента'.
2025-08-10 12:45:00,807 - INFO - [10] Найден контекст на строке 10840. Ключевая фраза: фраза: 'натовец', найдено: 'наточен', в отзыве: 'наточен'.
2025-08-10 12:45:03,671 - INFO - [10] Обработано строк: 647, с найденным политическим контекстом: 2.
2025-08-10 12:45:05,791 - INFO - 📌 [10] Результат сохранён в: c:\Users\Андрей\Documents\Курсы\AI_ML_разработчик\Стажировка_2\Ноутбуки\Пайплайн_final\src\..\processed\step_10_classifier_700_2025-08-10_12-40-40.xlsx
2025-08-10 12:45:05,818 - INFO - 📁 [10] Подробности по найденным отзывам сохранены в: c:\Users\Андрей\Documents\Курсы\AI_ML_разработчик\Стажировка_2\Ноутбуки\Пайплайн_final\src\..\processed\step_10_classifier_700_details_2025-08-10_12-40-40.xlsx
2025-08-10 12:45:05,818 - INFO - ✅ [10] Найдено 2 отзывов с политическим контекстом
2025-08-10 12:45:05,818 - INFO - ✅ [10] КЛАССИФИКАТОР [700]: успешно выполнен
2025-08-10 12:45:05,820 - INFO - ✅ [10] ПОИСК ПОЛИТ. КОНТЕНТА ПО КЛЮЧЕВЫМ ФРАЗАМ [700]: успешно выполнен
2025-08-10 12:45:05,820 - INFO - 🧠  [11] КЛАССИФИКАТОР [701]: старт
2025-08-10 12:45:05,820 - INFO - 🧠 [11] КЛАССИФИКАТОР [701]: старт (порог=0.9)
2025-08-10 12:45:10,584 - INFO - 📌 [11] Результат сохранён в: c:\Users\Андрей\Documents\Курсы\AI_ML_разработчик\Стажировка_2\Ноутбуки\Пайплайн_final\src\..\processed\step_11_classifier_701_2025-08-10_12-40-40.xlsx
2025-08-10 12:45:10,588 - INFO - 
📝 [11] Статистика классов после классификатора 701:
     Класс  Количество  Процент
     [999]        7263    91.70
       [0]         615     7.77
     [201]          19     0.24
     [100]          10     0.13
     [202]           9     0.11
[700, 701]           1     0.01
     [700]           1     0.01
     [701]           1     0.01
[500, 701]           1     0.01
     Всего        7920   100.00
2025-08-10 12:45:10,589 - INFO - ✅ [11] КЛАССИФИКАТОР [701]: успешно выполнен
2025-08-10 12:45:10,590 - INFO - ✅ [11] ПОИСК ПОЛИТ. КОНТЕНТА МОДЕЛЬЮ [701]: успешно выполнен
2025-08-10 12:45:10,591 - INFO - 🏷️  [12] Итоговый классификатор RESULT: старт
2025-08-10 12:45:12,902 - INFO - 📌 [12]: Итоговые результаты сохранены в файл c:\Users\Андрей\Documents\Курсы\AI_ML_разработчик\Стажировка_2\Ноутбуки\Пайплайн_final\src\..\processed\step_12_result_classification_2025-08-10_12-40-40.xlsx
2025-08-10 12:45:13,001 - INFO - 📌 [12]: Итоговая таблица классификации с промежуточными итогами сохранена в DOCX-файл c:\Users\Андрей\Documents\Курсы\AI_ML_разработчик\Стажировка_2\Ноутбуки\Пайплайн_final\src\..\processed\step_12_result_classification_summary_2025-08-10_12-40-40.docx
2025-08-10 12:45:13,001 - INFO - 🔢 [12] Итоговая статистика по классам:
2025-08-10 12:45:13,001 - INFO - Класс 1: 625 отзывов, доля 0.08, коды: 0, 100
2025-08-10 12:45:13,002 - INFO - Класс 2: 28 отзывов, доля 0.00, коды: 201, 202
2025-08-10 12:45:13,002 - INFO - Класс 5: 1 отзывов, доля 0.00, коды: 500, 701
2025-08-10 12:45:13,002 - INFO - Класс 7: 3 отзывов, доля 0.00, коды: 700, 701
2025-08-10 12:45:13,002 - INFO - Класс 999: 7263 отзывов, доля 0.92, коды: 999
2025-08-10 12:45:13,003 - INFO - 🔢 [12] Детализация по итоговым классам и исходным кодам:
2025-08-10 12:45:13,003 - INFO - Итоговый класс 1, Класс [0]: 615 отзывов, доля 7.77%
2025-08-10 12:45:13,003 - INFO - Итоговый класс 1, Класс [100]: 10 отзывов, доля 0.13%
2025-08-10 12:45:13,003 - INFO - Итоговый класс 2, Класс [201]: 19 отзывов, доля 0.24%
2025-08-10 12:45:13,003 - INFO - Итоговый класс 2, Класс [202]: 9 отзывов, доля 0.11%
2025-08-10 12:45:13,004 - INFO - Итоговый класс 5, Класс [500, 701]: 1 отзывов, доля 0.01%
2025-08-10 12:45:13,004 - INFO - Итоговый класс 7, Класс [700]: 1 отзывов, доля 0.01%
2025-08-10 12:45:13,004 - INFO - Итоговый класс 7, Класс [700, 701]: 1 отзывов, доля 0.01%
2025-08-10 12:45:13,004 - INFO - Итоговый класс 7, Класс [701]: 1 отзывов, доля 0.01%
2025-08-10 12:45:13,005 - INFO - Итоговый класс 999, Класс [999]: 7263 отзывов, доля 91.70%
2025-08-10 12:45:13,006 - INFO - ✅ [12] ИТОГОВАЯ КЛАССИФИКАЦИЯ — КЛАССИФИКАТОР RESULT: успешно выполнен
2025-08-10 12:45:13,007 - INFO - 🟢 🎉 === Пайплайн успешно завершён === 🎉 🟢
