2025-06-26 17:20:45.499 | INFO     | __main__:<module>:271 - [+] Начало парсинга для продавца 250000402, начиная со страницы 14
2025-06-26 17:20:45.499 | INFO     | __main__:parse_seller_products:186 - [+] Запуск парсинга для продавца ID: 250000402, начиная со страницы 14
2025-06-26 17:21:18.599 | INFO     | __main__:parse_seller_products:198 - [+] Куки приняты
2025-06-26 17:21:18.755 | INFO     | __main__:get_total_products_count:77 - [+] Найдено товаров: 2179
2025-06-26 17:21:18.758 | INFO     | __main__:parse_seller_products:214 - [+] Всего страниц: 22, товаров на странице: 100
2025-06-26 17:21:19.358 | INFO     | __main__:parse_seller_products:221 - [+] Результат будет сохранён в файл: results/sellers/wb_seller_250000402_20250626_172119.xlsx
2025-06-26 17:21:19.360 | INFO     | __main__:parse_seller_products:227 - 
[+] === Страница 14 из 22 ===

2025-06-26 17:21:22.115 | INFO     | __main__:parse_page_products_in_chunks:87 - [+] Открываю страницу 14: https://www.wildberries.ru/seller/250000402?sort=popular&page=14
2025-06-26 17:21:42.577 | INFO     | __main__:parse_page_products_in_chunks:96 - [+] Куки приняты
2025-06-26 17:21:42.577 | INFO     | __main__:scroll_to_bottom:54 - [+] Начинаю прокрутку до конца страницы...
2025-06-26 17:23:28.118 | WARNING  | __main__:scroll_to_bottom:64 - [!] Высота не изменилась — попытка 1/3
2025-06-26 17:23:43.135 | WARNING  | __main__:scroll_to_bottom:64 - [!] Высота не изменилась — попытка 2/3
2025-06-26 17:23:58.157 | WARNING  | __main__:scroll_to_bottom:64 - [!] Высота не изменилась — попытка 3/3
2025-06-26 17:23:58.214 | INFO     | __main__:parse_page_products_in_chunks:104 - [+] Найдено 100 товаров на странице 14
2025-06-26 17:23:58.216 | INFO     | __main__:parse_page_products_in_chunks:110 - [+] Парсинг блока 1 (товары 1-5)
2025-06-26 17:24:28.462 | INFO     | __main__:parse_page_products_in_chunks:110 - [+] Парсинг блока 2 (товары 6-10)
2025-06-26 17:24:58.719 | INFO     | __main__:parse_page_products_in_chunks:110 - [+] Парсинг блока 3 (товары 11-15)
2025-06-26 17:25:28.932 | INFO     | __main__:parse_page_products_in_chunks:110 - [+] Парсинг блока 4 (товары 16-20)
2025-06-26 17:25:59.178 | INFO     | __main__:parse_page_products_in_chunks:110 - [+] Парсинг блока 5 (товары 21-25)
2025-06-26 17:26:29.525 | INFO     | __main__:parse_page_products_in_chunks:110 - [+] Парсинг блока 6 (товары 26-30)
2025-06-26 17:26:59.679 | INFO     | __main__:parse_page_products_in_chunks:110 - [+] Парсинг блока 7 (товары 31-35)
2025-06-26 17:27:29.944 | INFO     | __main__:parse_page_products_in_chunks:110 - [+] Парсинг блока 8 (товары 36-40)
2025-06-26 17:28:00.195 | INFO     | __main__:parse_page_products_in_chunks:110 - [+] Парсинг блока 9 (товары 41-45)
2025-06-26 17:28:30.492 | INFO     | __main__:parse_page_products_in_chunks:110 - [+] Парсинг блока 10 (товары 46-50)
2025-06-26 17:29:00.771 | INFO     | __main__:parse_page_products_in_chunks:110 - [+] Парсинг блока 11 (товары 51-55)
2025-06-26 17:29:31.085 | INFO     | __main__:parse_page_products_in_chunks:110 - [+] Парсинг блока 12 (товары 56-60)
2025-06-26 17:30:01.280 | INFO     | __main__:parse_page_products_in_chunks:110 - [+] Парсинг блока 13 (товары 61-65)
2025-06-26 17:30:31.503 | INFO     | __main__:parse_page_products_in_chunks:110 - [+] Парсинг блока 14 (товары 66-70)
2025-06-26 17:31:01.737 | INFO     | __main__:parse_page_products_in_chunks:110 - [+] Парсинг блока 15 (товары 71-75)
2025-06-26 17:31:32.011 | INFO     | __main__:parse_page_products_in_chunks:110 - [+] Парсинг блока 16 (товары 76-80)
2025-06-26 17:32:02.242 | INFO     | __main__:parse_page_products_in_chunks:110 - [+] Парсинг блока 17 (товары 81-85)
2025-06-26 17:32:32.537 | INFO     | __main__:parse_page_products_in_chunks:110 - [+] Парсинг блока 18 (товары 86-90)
2025-06-26 17:33:02.800 | INFO     | __main__:parse_page_products_in_chunks:110 - [+] Парсинг блока 19 (товары 91-95)
2025-06-26 17:33:33.041 | INFO     | __main__:parse_page_products_in_chunks:110 - [+] Парсинг блока 20 (товары 96-100)
2025-06-26 17:34:03.872 | SUCCESS  | __main__:parse_seller_products:244 - [+] Данные со страницы 14 записаны в файл
2025-06-26 17:38:04.472 | INFO     | __main__:parse_seller_products:227 - 
[+] === Страница 15 из 22 ===

2025-06-26 17:38:07.103 | INFO     | __main__:parse_page_products_in_chunks:87 - [+] Открываю страницу 15: https://www.wildberries.ru/seller/250000402?sort=popular&page=15
2025-06-26 17:38:27.519 | INFO     | __main__:parse_page_products_in_chunks:96 - [+] Куки приняты
2025-06-26 17:38:27.520 | INFO     | __main__:scroll_to_bottom:54 - [+] Начинаю прокрутку до конца страницы...
2025-06-26 17:40:12.719 | WARNING  | __main__:scroll_to_bottom:64 - [!] Высота не изменилась — попытка 1/3
2025-06-26 17:40:27.740 | WARNING  | __main__:scroll_to_bottom:64 - [!] Высота не изменилась — попытка 2/3
2025-06-26 17:40:42.761 | WARNING  | __main__:scroll_to_bottom:64 - [!] Высота не изменилась — попытка 3/3
2025-06-26 17:40:42.792 | INFO     | __main__:parse_page_products_in_chunks:104 - [+] Найдено 100 товаров на странице 15
2025-06-26 17:40:42.794 | INFO     | __main__:parse_page_products_in_chunks:110 - [+] Парсинг блока 1 (товары 1-5)
2025-06-26 17:41:12.991 | INFO     | __main__:parse_page_products_in_chunks:110 - [+] Парсинг блока 2 (товары 6-10)
2025-06-26 17:41:43.196 | INFO     | __main__:parse_page_products_in_chunks:110 - [+] Парсинг блока 3 (товары 11-15)
2025-06-26 17:42:13.301 | INFO     | __main__:parse_page_products_in_chunks:110 - [+] Парсинг блока 4 (товары 16-20)
2025-06-26 17:42:43.539 | INFO     | __main__:parse_page_products_in_chunks:110 - [+] Парсинг блока 5 (товары 21-25)
2025-06-26 17:43:13.652 | INFO     | __main__:parse_page_products_in_chunks:110 - [+] Парсинг блока 6 (товары 26-30)
2025-06-26 17:43:43.731 | INFO     | __main__:parse_page_products_in_chunks:110 - [+] Парсинг блока 7 (товары 31-35)
2025-06-26 17:44:13.809 | INFO     | __main__:parse_page_products_in_chunks:110 - [+] Парсинг блока 8 (товары 36-40)
2025-06-26 17:44:43.949 | INFO     | __main__:parse_page_products_in_chunks:110 - [+] Парсинг блока 9 (товары 41-45)
2025-06-26 17:45:14.042 | INFO     | __main__:parse_page_products_in_chunks:110 - [+] Парсинг блока 10 (товары 46-50)
2025-06-26 17:45:44.117 | INFO     | __main__:parse_page_products_in_chunks:110 - [+] Парсинг блока 11 (товары 51-55)
2025-06-26 17:46:14.212 | INFO     | __main__:parse_page_products_in_chunks:110 - [+] Парсинг блока 12 (товары 56-60)
2025-06-26 17:46:44.380 | INFO     | __main__:parse_page_products_in_chunks:110 - [+] Парсинг блока 13 (товары 61-65)
2025-06-26 17:47:14.453 | INFO     | __main__:parse_page_products_in_chunks:110 - [+] Парсинг блока 14 (товары 66-70)
2025-06-26 17:47:44.529 | INFO     | __main__:parse_page_products_in_chunks:110 - [+] Парсинг блока 15 (товары 71-75)
2025-06-26 17:48:14.606 | INFO     | __main__:parse_page_products_in_chunks:110 - [+] Парсинг блока 16 (товары 76-80)
2025-06-26 17:48:44.763 | INFO     | __main__:parse_page_products_in_chunks:110 - [+] Парсинг блока 17 (товары 81-85)
2025-06-26 17:49:14.848 | INFO     | __main__:parse_page_products_in_chunks:110 - [+] Парсинг блока 18 (товары 86-90)
2025-06-26 17:49:44.967 | INFO     | __main__:parse_page_products_in_chunks:110 - [+] Парсинг блока 19 (товары 91-95)
2025-06-26 17:50:15.057 | INFO     | __main__:parse_page_products_in_chunks:110 - [+] Парсинг блока 20 (товары 96-100)
2025-06-26 17:50:45.297 | SUCCESS  | __main__:parse_seller_products:244 - [+] Данные со страницы 15 записаны в файл
2025-06-26 17:54:45.549 | INFO     | __main__:parse_seller_products:227 - 
[+] === Страница 16 из 22 ===

2025-06-26 17:54:47.863 | INFO     | __main__:parse_page_products_in_chunks:87 - [+] Открываю страницу 16: https://www.wildberries.ru/seller/250000402?sort=popular&page=16
2025-06-26 17:55:08.263 | INFO     | __main__:parse_page_products_in_chunks:96 - [+] Куки приняты
2025-06-26 17:55:08.263 | INFO     | __main__:scroll_to_bottom:54 - [+] Начинаю прокрутку до конца страницы...
2025-06-26 17:56:53.470 | WARNING  | __main__:scroll_to_bottom:64 - [!] Высота не изменилась — попытка 1/3
2025-06-26 17:57:08.477 | WARNING  | __main__:scroll_to_bottom:64 - [!] Высота не изменилась — попытка 2/3
2025-06-26 17:57:23.491 | WARNING  | __main__:scroll_to_bottom:64 - [!] Высота не изменилась — попытка 3/3
2025-06-26 17:57:23.522 | INFO     | __main__:parse_page_products_in_chunks:104 - [+] Найдено 100 товаров на странице 16
2025-06-26 17:57:23.522 | INFO     | __main__:parse_page_products_in_chunks:110 - [+] Парсинг блока 1 (товары 1-5)
2025-06-26 17:57:53.627 | INFO     | __main__:parse_page_products_in_chunks:110 - [+] Парсинг блока 2 (товары 6-10)
2025-06-26 17:58:23.702 | INFO     | __main__:parse_page_products_in_chunks:110 - [+] Парсинг блока 3 (товары 11-15)
2025-06-26 17:58:53.768 | INFO     | __main__:parse_page_products_in_chunks:110 - [+] Парсинг блока 4 (товары 16-20)
2025-06-26 17:59:23.858 | INFO     | __main__:parse_page_products_in_chunks:110 - [+] Парсинг блока 5 (товары 21-25)
2025-06-26 17:59:53.934 | INFO     | __main__:parse_page_products_in_chunks:110 - [+] Парсинг блока 6 (товары 26-30)
2025-06-26 18:00:24.038 | INFO     | __main__:parse_page_products_in_chunks:110 - [+] Парсинг блока 7 (товары 31-35)
2025-06-26 18:00:54.111 | INFO     | __main__:parse_page_products_in_chunks:110 - [+] Парсинг блока 8 (товары 36-40)
2025-06-26 18:01:24.307 | INFO     | __main__:parse_page_products_in_chunks:110 - [+] Парсинг блока 9 (товары 41-45)
2025-06-26 18:01:54.499 | INFO     | __main__:parse_page_products_in_chunks:110 - [+] Парсинг блока 10 (товары 46-50)
2025-06-26 18:02:24.600 | INFO     | __main__:parse_page_products_in_chunks:110 - [+] Парсинг блока 11 (товары 51-55)
2025-06-26 18:02:54.953 | INFO     | __main__:parse_page_products_in_chunks:110 - [+] Парсинг блока 12 (товары 56-60)
2025-06-26 18:03:25.155 | INFO     | __main__:parse_page_products_in_chunks:110 - [+] Парсинг блока 13 (товары 61-65)
2025-06-26 18:03:55.408 | INFO     | __main__:parse_page_products_in_chunks:110 - [+] Парсинг блока 14 (товары 66-70)
2025-06-26 18:04:25.671 | INFO     | __main__:parse_page_products_in_chunks:110 - [+] Парсинг блока 15 (товары 71-75)
2025-06-26 18:04:55.942 | INFO     | __main__:parse_page_products_in_chunks:110 - [+] Парсинг блока 16 (товары 76-80)
2025-06-26 18:05:26.196 | INFO     | __main__:parse_page_products_in_chunks:110 - [+] Парсинг блока 17 (товары 81-85)
2025-06-26 18:05:56.384 | INFO     | __main__:parse_page_products_in_chunks:110 - [+] Парсинг блока 18 (товары 86-90)
2025-06-26 18:06:26.694 | INFO     | __main__:parse_page_products_in_chunks:110 - [+] Парсинг блока 19 (товары 91-95)
2025-06-26 18:06:57.003 | INFO     | __main__:parse_page_products_in_chunks:110 - [+] Парсинг блока 20 (товары 96-100)
2025-06-26 18:07:27.693 | SUCCESS  | __main__:parse_seller_products:244 - [+] Данные со страницы 16 записаны в файл
2025-06-26 18:11:28.339 | INFO     | __main__:parse_seller_products:227 - 
[+] === Страница 17 из 22 ===

2025-06-26 18:11:30.957 | INFO     | __main__:parse_page_products_in_chunks:87 - [+] Открываю страницу 17: https://www.wildberries.ru/seller/250000402?sort=popular&page=17
2025-06-26 18:11:51.426 | INFO     | __main__:parse_page_products_in_chunks:96 - [+] Куки приняты
2025-06-26 18:11:51.426 | INFO     | __main__:scroll_to_bottom:54 - [+] Начинаю прокрутку до конца страницы...
2025-06-26 18:13:21.715 | WARNING  | __main__:scroll_to_bottom:64 - [!] Высота не изменилась — попытка 1/3
2025-06-26 18:13:36.746 | WARNING  | __main__:scroll_to_bottom:64 - [!] Высота не изменилась — попытка 2/3
2025-06-26 18:13:51.763 | WARNING  | __main__:scroll_to_bottom:64 - [!] Высота не изменилась — попытка 3/3
2025-06-26 18:13:51.804 | INFO     | __main__:parse_page_products_in_chunks:104 - [+] Найдено 90 товаров на странице 17
2025-06-26 18:13:51.805 | INFO     | __main__:parse_page_products_in_chunks:110 - [+] Парсинг блока 1 (товары 1-5)
2025-06-26 18:14:22.004 | INFO     | __main__:parse_page_products_in_chunks:110 - [+] Парсинг блока 2 (товары 6-10)
2025-06-26 18:14:52.302 | INFO     | __main__:parse_page_products_in_chunks:110 - [+] Парсинг блока 3 (товары 11-15)
2025-06-26 18:15:22.541 | INFO     | __main__:parse_page_products_in_chunks:110 - [+] Парсинг блока 4 (товары 16-20)
2025-06-26 18:15:52.756 | INFO     | __main__:parse_page_products_in_chunks:110 - [+] Парсинг блока 5 (товары 21-25)
2025-06-26 18:16:23.056 | INFO     | __main__:parse_page_products_in_chunks:110 - [+] Парсинг блока 6 (товары 26-30)
2025-06-26 18:16:53.313 | INFO     | __main__:parse_page_products_in_chunks:110 - [+] Парсинг блока 7 (товары 31-35)
2025-06-26 18:17:23.508 | INFO     | __main__:parse_page_products_in_chunks:110 - [+] Парсинг блока 8 (товары 36-40)
2025-06-26 18:17:53.826 | INFO     | __main__:parse_page_products_in_chunks:110 - [+] Парсинг блока 9 (товары 41-45)
2025-06-26 18:18:24.063 | INFO     | __main__:parse_page_products_in_chunks:110 - [+] Парсинг блока 10 (товары 46-50)
2025-06-26 18:18:54.291 | INFO     | __main__:parse_page_products_in_chunks:110 - [+] Парсинг блока 11 (товары 51-55)
2025-06-26 18:19:24.638 | INFO     | __main__:parse_page_products_in_chunks:110 - [+] Парсинг блока 12 (товары 56-60)
2025-06-26 18:19:54.972 | INFO     | __main__:parse_page_products_in_chunks:110 - [+] Парсинг блока 13 (товары 61-65)
2025-06-26 18:20:25.310 | INFO     | __main__:parse_page_products_in_chunks:110 - [+] Парсинг блока 14 (товары 66-70)
2025-06-26 18:20:55.615 | INFO     | __main__:parse_page_products_in_chunks:110 - [+] Парсинг блока 15 (товары 71-75)
2025-06-26 18:21:25.699 | INFO     | __main__:parse_page_products_in_chunks:110 - [+] Парсинг блока 16 (товары 76-80)
2025-06-26 18:21:55.792 | INFO     | __main__:parse_page_products_in_chunks:110 - [+] Парсинг блока 17 (товары 81-85)
2025-06-26 18:22:25.869 | INFO     | __main__:parse_page_products_in_chunks:110 - [+] Парсинг блока 18 (товары 86-90)
2025-06-26 18:22:56.170 | SUCCESS  | __main__:parse_seller_products:244 - [+] Данные со страницы 17 записаны в файл
2025-06-26 18:26:56.397 | INFO     | __main__:parse_seller_products:227 - 
[+] === Страница 18 из 22 ===

2025-06-26 18:26:58.805 | INFO     | __main__:parse_page_products_in_chunks:87 - [+] Открываю страницу 18: https://www.wildberries.ru/seller/250000402?sort=popular&page=18
2025-06-26 18:27:19.155 | INFO     | __main__:parse_page_products_in_chunks:96 - [+] Куки приняты
2025-06-26 18:27:19.157 | INFO     | __main__:scroll_to_bottom:54 - [+] Начинаю прокрутку до конца страницы...
2025-06-26 18:29:04.366 | WARNING  | __main__:scroll_to_bottom:64 - [!] Высота не изменилась — попытка 1/3
2025-06-26 18:29:19.380 | WARNING  | __main__:scroll_to_bottom:64 - [!] Высота не изменилась — попытка 2/3
2025-06-26 18:29:34.388 | WARNING  | __main__:scroll_to_bottom:64 - [!] Высота не изменилась — попытка 3/3
2025-06-26 18:29:34.407 | INFO     | __main__:parse_page_products_in_chunks:104 - [+] Найдено 100 товаров на странице 18
2025-06-26 18:29:34.408 | INFO     | __main__:parse_page_products_in_chunks:110 - [+] Парсинг блока 1 (товары 1-5)
2025-06-26 18:30:04.473 | INFO     | __main__:parse_page_products_in_chunks:110 - [+] Парсинг блока 2 (товары 6-10)
2025-06-26 18:30:34.569 | INFO     | __main__:parse_page_products_in_chunks:110 - [+] Парсинг блока 3 (товары 11-15)
2025-06-26 18:31:04.670 | INFO     | __main__:parse_page_products_in_chunks:110 - [+] Парсинг блока 4 (товары 16-20)
2025-06-26 18:31:34.766 | INFO     | __main__:parse_page_products_in_chunks:110 - [+] Парсинг блока 5 (товары 21-25)
2025-06-26 18:32:04.826 | INFO     | __main__:parse_page_products_in_chunks:110 - [+] Парсинг блока 6 (товары 26-30)
2025-06-26 18:32:34.885 | INFO     | __main__:parse_page_products_in_chunks:110 - [+] Парсинг блока 7 (товары 31-35)
2025-06-26 18:33:04.982 | INFO     | __main__:parse_page_products_in_chunks:110 - [+] Парсинг блока 8 (товары 36-40)
2025-06-26 18:33:35.086 | INFO     | __main__:parse_page_products_in_chunks:110 - [+] Парсинг блока 9 (товары 41-45)
2025-06-26 18:34:05.169 | INFO     | __main__:parse_page_products_in_chunks:110 - [+] Парсинг блока 10 (товары 46-50)
2025-06-26 18:34:35.257 | INFO     | __main__:parse_page_products_in_chunks:110 - [+] Парсинг блока 11 (товары 51-55)
2025-06-26 18:35:05.328 | INFO     | __main__:parse_page_products_in_chunks:110 - [+] Парсинг блока 12 (товары 56-60)
2025-06-26 18:35:35.394 | INFO     | __main__:parse_page_products_in_chunks:110 - [+] Парсинг блока 13 (товары 61-65)
2025-06-26 18:36:05.492 | INFO     | __main__:parse_page_products_in_chunks:110 - [+] Парсинг блока 14 (товары 66-70)
2025-06-26 18:36:35.569 | INFO     | __main__:parse_page_products_in_chunks:110 - [+] Парсинг блока 15 (товары 71-75)
2025-06-26 18:37:05.644 | INFO     | __main__:parse_page_products_in_chunks:110 - [+] Парсинг блока 16 (товары 76-80)
2025-06-26 18:37:35.721 | INFO     | __main__:parse_page_products_in_chunks:110 - [+] Парсинг блока 17 (товары 81-85)
2025-06-26 18:38:05.811 | INFO     | __main__:parse_page_products_in_chunks:110 - [+] Парсинг блока 18 (товары 86-90)
2025-06-26 18:38:35.928 | INFO     | __main__:parse_page_products_in_chunks:110 - [+] Парсинг блока 19 (товары 91-95)
2025-06-26 18:39:06.003 | INFO     | __main__:parse_page_products_in_chunks:110 - [+] Парсинг блока 20 (товары 96-100)
2025-06-26 18:39:36.341 | SUCCESS  | __main__:parse_seller_products:244 - [+] Данные со страницы 18 записаны в файл
2025-06-26 18:43:36.659 | INFO     | __main__:parse_seller_products:227 - 
[+] === Страница 19 из 22 ===

2025-06-26 18:43:38.964 | INFO     | __main__:parse_page_products_in_chunks:87 - [+] Открываю страницу 19: https://www.wildberries.ru/seller/250000402?sort=popular&page=19
2025-06-26 18:43:59.381 | INFO     | __main__:parse_page_products_in_chunks:96 - [+] Куки приняты
2025-06-26 18:43:59.382 | INFO     | __main__:scroll_to_bottom:54 - [+] Начинаю прокрутку до конца страницы...
2025-06-26 18:45:44.578 | WARNING  | __main__:scroll_to_bottom:64 - [!] Высота не изменилась — попытка 1/3
2025-06-26 18:45:59.593 | WARNING  | __main__:scroll_to_bottom:64 - [!] Высота не изменилась — попытка 2/3
2025-06-26 18:46:14.609 | WARNING  | __main__:scroll_to_bottom:64 - [!] Высота не изменилась — попытка 3/3
2025-06-26 18:46:14.632 | INFO     | __main__:parse_page_products_in_chunks:104 - [+] Найдено 100 товаров на странице 19
2025-06-26 18:46:14.632 | INFO     | __main__:parse_page_products_in_chunks:110 - [+] Парсинг блока 1 (товары 1-5)
2025-06-26 18:46:44.698 | INFO     | __main__:parse_page_products_in_chunks:110 - [+] Парсинг блока 2 (товары 6-10)
2025-06-26 18:47:14.779 | INFO     | __main__:parse_page_products_in_chunks:110 - [+] Парсинг блока 3 (товары 11-15)
2025-06-26 18:47:44.847 | INFO     | __main__:parse_page_products_in_chunks:110 - [+] Парсинг блока 4 (товары 16-20)
2025-06-26 18:48:14.957 | INFO     | __main__:parse_page_products_in_chunks:110 - [+] Парсинг блока 5 (товары 21-25)
2025-06-26 18:48:45.032 | INFO     | __main__:parse_page_products_in_chunks:110 - [+] Парсинг блока 6 (товары 26-30)
2025-06-26 18:49:15.129 | INFO     | __main__:parse_page_products_in_chunks:110 - [+] Парсинг блока 7 (товары 31-35)
2025-06-26 18:49:45.198 | INFO     | __main__:parse_page_products_in_chunks:110 - [+] Парсинг блока 8 (товары 36-40)
2025-06-26 18:50:15.276 | INFO     | __main__:parse_page_products_in_chunks:110 - [+] Парсинг блока 9 (товары 41-45)
2025-06-26 18:50:45.372 | INFO     | __main__:parse_page_products_in_chunks:110 - [+] Парсинг блока 10 (товары 46-50)
2025-06-26 18:51:15.455 | INFO     | __main__:parse_page_products_in_chunks:110 - [+] Парсинг блока 11 (товары 51-55)
2025-06-26 18:51:45.525 | INFO     | __main__:parse_page_products_in_chunks:110 - [+] Парсинг блока 12 (товары 56-60)
2025-06-26 18:52:15.638 | INFO     | __main__:parse_page_products_in_chunks:110 - [+] Парсинг блока 13 (товары 61-65)
2025-06-26 18:52:45.711 | INFO     | __main__:parse_page_products_in_chunks:110 - [+] Парсинг блока 14 (товары 66-70)
2025-06-26 18:53:15.820 | INFO     | __main__:parse_page_products_in_chunks:110 - [+] Парсинг блока 15 (товары 71-75)
2025-06-26 18:53:45.918 | INFO     | __main__:parse_page_products_in_chunks:110 - [+] Парсинг блока 16 (товары 76-80)
2025-06-26 18:54:15.994 | INFO     | __main__:parse_page_products_in_chunks:110 - [+] Парсинг блока 17 (товары 81-85)
2025-06-26 18:54:46.063 | INFO     | __main__:parse_page_products_in_chunks:110 - [+] Парсинг блока 18 (товары 86-90)
2025-06-26 18:55:16.145 | INFO     | __main__:parse_page_products_in_chunks:110 - [+] Парсинг блока 19 (товары 91-95)
2025-06-26 18:55:46.215 | INFO     | __main__:parse_page_products_in_chunks:110 - [+] Парсинг блока 20 (товары 96-100)
2025-06-26 18:56:16.647 | SUCCESS  | __main__:parse_seller_products:244 - [+] Данные со страницы 19 записаны в файл
2025-06-26 19:00:16.906 | INFO     | __main__:parse_seller_products:227 - 
[+] === Страница 20 из 22 ===

2025-06-26 19:00:19.365 | INFO     | __main__:parse_page_products_in_chunks:87 - [+] Открываю страницу 20: https://www.wildberries.ru/seller/250000402?sort=popular&page=20
2025-06-26 19:00:39.792 | INFO     | __main__:parse_page_products_in_chunks:96 - [+] Куки приняты
2025-06-26 19:00:39.794 | INFO     | __main__:scroll_to_bottom:54 - [+] Начинаю прокрутку до конца страницы...
2025-06-26 19:02:25.017 | WARNING  | __main__:scroll_to_bottom:64 - [!] Высота не изменилась — попытка 1/3
2025-06-26 19:02:40.037 | WARNING  | __main__:scroll_to_bottom:64 - [!] Высота не изменилась — попытка 2/3
2025-06-26 19:02:55.059 | WARNING  | __main__:scroll_to_bottom:64 - [!] Высота не изменилась — попытка 3/3
2025-06-26 19:02:55.081 | INFO     | __main__:parse_page_products_in_chunks:104 - [+] Найдено 100 товаров на странице 20
2025-06-26 19:02:55.083 | INFO     | __main__:parse_page_products_in_chunks:110 - [+] Парсинг блока 1 (товары 1-5)
2025-06-26 19:03:25.151 | INFO     | __main__:parse_page_products_in_chunks:110 - [+] Парсинг блока 2 (товары 6-10)
2025-06-26 19:03:55.225 | INFO     | __main__:parse_page_products_in_chunks:110 - [+] Парсинг блока 3 (товары 11-15)
2025-06-26 19:04:25.339 | INFO     | __main__:parse_page_products_in_chunks:110 - [+] Парсинг блока 4 (товары 16-20)
2025-06-26 19:04:55.413 | INFO     | __main__:parse_page_products_in_chunks:110 - [+] Парсинг блока 5 (товары 21-25)
2025-06-26 19:05:25.510 | INFO     | __main__:parse_page_products_in_chunks:110 - [+] Парсинг блока 6 (товары 26-30)
2025-06-26 19:05:55.590 | INFO     | __main__:parse_page_products_in_chunks:110 - [+] Парсинг блока 7 (товары 31-35)
2025-06-26 19:06:25.690 | INFO     | __main__:parse_page_products_in_chunks:110 - [+] Парсинг блока 8 (товары 36-40)
2025-06-26 19:06:55.768 | INFO     | __main__:parse_page_products_in_chunks:110 - [+] Парсинг блока 9 (товары 41-45)
2025-06-26 19:07:25.846 | INFO     | __main__:parse_page_products_in_chunks:110 - [+] Парсинг блока 10 (товары 46-50)
2025-06-26 19:07:55.949 | INFO     | __main__:parse_page_products_in_chunks:110 - [+] Парсинг блока 11 (товары 51-55)
2025-06-26 19:08:26.038 | INFO     | __main__:parse_page_products_in_chunks:110 - [+] Парсинг блока 12 (товары 56-60)
2025-06-26 19:08:56.121 | INFO     | __main__:parse_page_products_in_chunks:110 - [+] Парсинг блока 13 (товары 61-65)
2025-06-26 19:09:26.218 | INFO     | __main__:parse_page_products_in_chunks:110 - [+] Парсинг блока 14 (товары 66-70)
2025-06-26 19:09:56.326 | INFO     | __main__:parse_page_products_in_chunks:110 - [+] Парсинг блока 15 (товары 71-75)
2025-06-26 19:10:26.398 | INFO     | __main__:parse_page_products_in_chunks:110 - [+] Парсинг блока 16 (товары 76-80)
2025-06-26 19:10:56.475 | INFO     | __main__:parse_page_products_in_chunks:110 - [+] Парсинг блока 17 (товары 81-85)
2025-06-26 19:11:26.563 | INFO     | __main__:parse_page_products_in_chunks:110 - [+] Парсинг блока 18 (товары 86-90)
2025-06-26 19:11:56.662 | INFO     | __main__:parse_page_products_in_chunks:110 - [+] Парсинг блока 19 (товары 91-95)
2025-06-26 19:12:26.732 | INFO     | __main__:parse_page_products_in_chunks:110 - [+] Парсинг блока 20 (товары 96-100)
2025-06-26 19:12:57.213 | SUCCESS  | __main__:parse_seller_products:244 - [+] Данные со страницы 20 записаны в файл
2025-06-26 19:16:57.514 | INFO     | __main__:parse_seller_products:227 - 
[+] === Страница 21 из 22 ===

2025-06-26 19:17:00.133 | INFO     | __main__:parse_page_products_in_chunks:87 - [+] Открываю страницу 21: https://www.wildberries.ru/seller/250000402?sort=popular&page=21
2025-06-26 19:17:20.508 | INFO     | __main__:parse_page_products_in_chunks:96 - [+] Куки приняты
2025-06-26 19:17:20.509 | INFO     | __main__:scroll_to_bottom:54 - [+] Начинаю прокрутку до конца страницы...
2025-06-26 19:19:05.750 | WARNING  | __main__:scroll_to_bottom:64 - [!] Высота не изменилась — попытка 1/3
2025-06-26 19:19:20.757 | WARNING  | __main__:scroll_to_bottom:64 - [!] Высота не изменилась — попытка 2/3
2025-06-26 19:19:35.781 | WARNING  | __main__:scroll_to_bottom:64 - [!] Высота не изменилась — попытка 3/3
2025-06-26 19:19:35.803 | INFO     | __main__:parse_page_products_in_chunks:104 - [+] Найдено 100 товаров на странице 21
2025-06-26 19:19:35.803 | INFO     | __main__:parse_page_products_in_chunks:110 - [+] Парсинг блока 1 (товары 1-5)
2025-06-26 19:20:05.909 | INFO     | __main__:parse_page_products_in_chunks:110 - [+] Парсинг блока 2 (товары 6-10)
2025-06-26 19:20:35.999 | INFO     | __main__:parse_page_products_in_chunks:110 - [+] Парсинг блока 3 (товары 11-15)
2025-06-26 19:21:06.123 | INFO     | __main__:parse_page_products_in_chunks:110 - [+] Парсинг блока 4 (товары 16-20)
2025-06-26 19:21:36.331 | INFO     | __main__:parse_page_products_in_chunks:110 - [+] Парсинг блока 5 (товары 21-25)
2025-06-26 19:22:06.577 | INFO     | __main__:parse_page_products_in_chunks:110 - [+] Парсинг блока 6 (товары 26-30)
2025-06-26 19:22:37.130 | INFO     | __main__:parse_page_products_in_chunks:110 - [+] Парсинг блока 7 (товары 31-35)
2025-06-26 19:23:07.448 | INFO     | __main__:parse_page_products_in_chunks:110 - [+] Парсинг блока 8 (товары 36-40)
2025-06-26 19:23:37.741 | INFO     | __main__:parse_page_products_in_chunks:110 - [+] Парсинг блока 9 (товары 41-45)
2025-06-26 19:24:07.869 | INFO     | __main__:parse_page_products_in_chunks:110 - [+] Парсинг блока 10 (товары 46-50)
2025-06-26 19:24:38.889 | INFO     | __main__:parse_page_products_in_chunks:110 - [+] Парсинг блока 11 (товары 51-55)
2025-06-26 19:25:09.090 | INFO     | __main__:parse_page_products_in_chunks:110 - [+] Парсинг блока 12 (товары 56-60)
2025-06-26 19:25:39.191 | INFO     | __main__:parse_page_products_in_chunks:110 - [+] Парсинг блока 13 (товары 61-65)
2025-06-26 19:26:09.283 | INFO     | __main__:parse_page_products_in_chunks:110 - [+] Парсинг блока 14 (товары 66-70)
2025-06-26 19:26:39.588 | INFO     | __main__:parse_page_products_in_chunks:110 - [+] Парсинг блока 15 (товары 71-75)
2025-06-26 19:27:09.673 | INFO     | __main__:parse_page_products_in_chunks:110 - [+] Парсинг блока 16 (товары 76-80)
2025-06-26 19:27:39.816 | INFO     | __main__:parse_page_products_in_chunks:110 - [+] Парсинг блока 17 (товары 81-85)
2025-06-26 19:28:09.905 | INFO     | __main__:parse_page_products_in_chunks:110 - [+] Парсинг блока 18 (товары 86-90)
2025-06-26 19:28:39.999 | INFO     | __main__:parse_page_products_in_chunks:110 - [+] Парсинг блока 19 (товары 91-95)
2025-06-26 19:29:10.161 | INFO     | __main__:parse_page_products_in_chunks:110 - [+] Парсинг блока 20 (товары 96-100)
2025-06-26 19:29:41.076 | SUCCESS  | __main__:parse_seller_products:244 - [+] Данные со страницы 21 записаны в файл
2025-06-26 19:33:41.921 | INFO     | __main__:parse_seller_products:227 - 
[+] === Страница 22 из 22 ===

2025-06-26 19:33:44.867 | INFO     | __main__:parse_page_products_in_chunks:87 - [+] Открываю страницу 22: https://www.wildberries.ru/seller/250000402?sort=popular&page=22
2025-06-26 19:34:05.357 | INFO     | __main__:parse_page_products_in_chunks:96 - [+] Куки приняты
2025-06-26 19:34:05.357 | INFO     | __main__:scroll_to_bottom:54 - [+] Начинаю прокрутку до конца страницы...
2025-06-26 19:34:20.386 | WARNING  | __main__:scroll_to_bottom:64 - [!] Высота не изменилась — попытка 1/3
2025-06-26 19:34:35.399 | WARNING  | __main__:scroll_to_bottom:64 - [!] Высота не изменилась — попытка 2/3
2025-06-26 19:34:50.414 | WARNING  | __main__:scroll_to_bottom:64 - [!] Высота не изменилась — попытка 3/3
2025-06-26 19:34:50.454 | INFO     | __main__:parse_page_products_in_chunks:104 - [+] Найдено 15 товаров на странице 22
2025-06-26 19:34:50.454 | INFO     | __main__:parse_page_products_in_chunks:110 - [+] Парсинг блока 1 (товары 1-5)
2025-06-26 19:35:20.545 | INFO     | __main__:parse_page_products_in_chunks:110 - [+] Парсинг блока 2 (товары 6-10)
2025-06-26 19:35:50.659 | INFO     | __main__:parse_page_products_in_chunks:110 - [+] Парсинг блока 3 (товары 11-15)
2025-06-26 19:36:21.822 | SUCCESS  | __main__:parse_seller_products:244 - [+] Данные со страницы 22 записаны в файл
2025-06-26 19:40:22.182 | INFO     | __main__:merge_all_sheets_to_one:171 - [+] Объединяю все листы в один: results/sellers/wb_seller_250000402_merged_20250626_194022.xlsx
2025-06-26 19:40:22.337 | SUCCESS  | __main__:merge_all_sheets_to_one:181 - [+] Все листы успешно объединены в файл: results/sellers/wb_seller_250000402_merged_20250626_194022.xlsx
2025-06-26 19:40:22.337 | SUCCESS  | __main__:<module>:275 - [+] Общее количество спаршенных товаров: 805
