2025-06-26 14:27:05.415 | INFO     | __main__:<module>:25 - [🚀] Начало парсинга отзывов для артикула: 170835822
2025-06-26 14:27:05.415 | INFO     | reviews_parser_2:reviews_parser:146 - [+] Обработка артикула: 170835822
2025-06-26 14:27:19.378 | INFO     | reviews_parser_2:reviews_parser:186 - [+] Куки приняты
2025-06-26 14:27:19.378 | INFO     | reviews_parser_2:scroll_to_load_all_reviews:118 - [ ] Начинаем прокрутку страницы
2025-06-26 14:27:28.658 | DEBUG    | reviews_parser_2:scroll_to_load_all_reviews:130 - [ ] Высота не изменилась, попытка 1/5
2025-06-26 14:27:34.731 | DEBUG    | reviews_parser_2:scroll_to_load_all_reviews:130 - [ ] Высота не изменилась, попытка 2/5
2025-06-26 14:27:41.459 | DEBUG    | reviews_parser_2:scroll_to_load_all_reviews:130 - [ ] Высота не изменилась, попытка 3/5
2025-06-26 14:27:49.707 | DEBUG    | reviews_parser_2:scroll_to_load_all_reviews:130 - [ ] Высота не изменилась, попытка 4/5
2025-06-26 14:27:58.014 | DEBUG    | reviews_parser_2:scroll_to_load_all_reviews:130 - [ ] Высота не изменилась, попытка 5/5
2025-06-26 14:27:58.015 | INFO     | reviews_parser_2:scroll_to_load_all_reviews:140 - [+] Прокрутка завершена
2025-06-26 14:27:58.033 | INFO     | reviews_parser_2:reviews_parser:194 - [+] Найдено 30 отзывов для артикула 170835822
2025-06-26 14:28:02.100 | INFO     | reviews_parser_2:reviews_parser:280 - [+] Браузер закрыт для артикула 170835822
2025-06-26 14:28:02.102 | SUCCESS  | reviews_parser_2:reviews_parser:302 - [✅] Успешно спарсено 30 отзывов для артикула 170835822
2025-06-26 14:28:06.365 | SUCCESS  | __main__:<module>:65 - [✅] Данные успешно сохранены в файл: results/reviews_170835822_20250626_142802.xlsx
2025-06-26 14:28:06.366 | INFO     | __main__:<module>:72 - [🚀] Начало парсинга отзывов для артикула: 324919372
2025-06-26 14:28:06.367 | INFO     | reviews_parser_2:reviews_parser:146 - [+] Обработка артикула: 324919372
2025-06-26 14:28:20.906 | INFO     | reviews_parser_2:reviews_parser:186 - [+] Куки приняты
2025-06-26 14:28:20.908 | INFO     | reviews_parser_2:scroll_to_load_all_reviews:118 - [ ] Начинаем прокрутку страницы
2025-06-26 14:28:30.592 | DEBUG    | reviews_parser_2:scroll_to_load_all_reviews:130 - [ ] Высота не изменилась, попытка 1/5
2025-06-26 14:28:37.618 | DEBUG    | reviews_parser_2:scroll_to_load_all_reviews:130 - [ ] Высота не изменилась, попытка 2/5
2025-06-26 14:28:47.485 | DEBUG    | reviews_parser_2:scroll_to_load_all_reviews:130 - [ ] Высота не изменилась, попытка 3/5
2025-06-26 14:28:53.028 | DEBUG    | reviews_parser_2:scroll_to_load_all_reviews:130 - [ ] Высота не изменилась, попытка 4/5
2025-06-26 14:28:58.793 | DEBUG    | reviews_parser_2:scroll_to_load_all_reviews:130 - [ ] Высота не изменилась, попытка 5/5
2025-06-26 14:28:58.794 | INFO     | reviews_parser_2:scroll_to_load_all_reviews:140 - [+] Прокрутка завершена
2025-06-26 14:28:58.808 | INFO     | reviews_parser_2:reviews_parser:194 - [+] Найдено 0 отзывов для артикула 324919372
2025-06-26 14:29:00.988 | INFO     | reviews_parser_2:reviews_parser:280 - [+] Браузер закрыт для артикула 324919372
2025-06-26 14:29:00.989 | WARNING  | reviews_parser_2:reviews_parser:285 - [⚠️] Для артикула 324919372 нет отзывов или произошла ошибка
2025-06-26 14:29:00.990 | WARNING  | __main__:<module>:77 - [⚠️] Для артикула 324919372 нет отзывов или произошла ошибка
2025-06-26 14:29:00.991 | INFO     | __main__:<module>:114 - [🎉] Выполнение примера завершено
